c:/windows/system32/inetsrv/ >ls


c:/windows/system32/inetsrv/ >s

's' ????????????????????????快????
?????????????
c:/windows/system32/inetsrv/ >ls

'ls' ????????????????????????快????
?????????????
c:/windows/system32/inetsrv/ >id

'id' ????????????????????????快????
?????????????
c:/windows/system32/inetsrv/ >whoami

nt authority\system
c:/windows/system32/inetsrv/ >whoami


c:/windows/system32/inetsrv/ >ls


c:/windows/system32/inetsrv/ >id


c:/windows/system32/inetsrv/ >ls


c:/windows/system32/inetsrv/ >d

'd' ????????????????????????快????
?????????????
c:/windows/system32/inetsrv/ >id

'id' ????????????????????????快????
?????????????
c:/windows/system32/inetsrv/ >whoami

nt authority\system
c:/windows/system32/inetsrv/ >
NULL
c:/windows/system32/inetsrv/ >whoami


c:/windows/system32/inetsrv/ >ls


c:/windows/system32/inetsrv/ >
NULL
c:/windows/system32/inetsrv/ >ls


c:/windows/system32/inetsrv/ >ls


c:/windows/system32/inetsrv/ >ls


c:/windows/system32/inetsrv/ >id


c:/windows/system32/inetsrv/ >id


c:/windows/system32/inetsrv/ >ls


c:/windows/system32/inetsrv/ >user add


c:/windows/system32/inetsrv/ >net user


c:/windows/system32/inetsrv/ >id

'id' ????????????????????????快????
?????????????
