/www/wwwroot/php/ >ls

404.html
a.php
b.php
c.php
index.html
/www/wwwroot/php/ >ls
none of proc_open/passthru/shell_exec/exec/exec/popen/COM/runshellshock/pcntl_exec is available
/www/wwwroot/php/ >

NULL
/www/wwwroot/php/ >ls
none of proc_open/passthru/shell_exec/exec/exec/popen/COM/runshellshock/pcntl_exec is available
/www/wwwroot/php/ >ls
none of proc_open/passthru/shell_exec/exec/exec/popen/COM/runshellshock/pcntl_exec is available
/www/wwwroot/php/ >

NULL
/www/wwwroot/php/ >
NULL
/www/wwwroot/php/ >
NULL
/www/wwwroot/php/ >

NULL
/www/wwwroot/php/ >ls

none of proc_open/passthru/shell_exec/exec/exec/popen/COM/runshellshock/pcntl_exec is available
/www/wwwroot/php/ >id

none of proc_open/passthru/shell_exec/exec/exec/popen/COM/runshellshock/pcntl_exec is available
/www/wwwroot/php/ >
NULL
/www/wwwroot/php/ >ls

none of proc_open/passthru/shell_exec/exec/exec/popen/COM/runshellshock/pcntl_exec is available
/www/wwwroot/php/ >ls

404.html
a.php
b.php
c.php
index.html
