/ >ls

anaconda-post.log
bin
bt.sh
dev
etc
fix_install.sh
home
install_panel.sh
lib
lib64
libiconv-1.14
libiconv-1.14.tar.gz
media
mnt
opt
patch
php.sh
proc
root
run
sbin
srv
sys
tmp
usr
var
www
/ >s


/ >ls

anaconda-post.log
bin
bt.sh
dev
etc
fix_install.sh
home
install_panel.sh
lib
lib64
libiconv-1.14
libiconv-1.14.tar.gz
media
mnt
opt
patch
php.sh
proc
root
run
sbin
srv
sys
tmp
usr
var
www
/ >whoami

www
/ >ls


/ >ls


/ >ls


/ >ls


/ >ls

anaconda-post.log
bin
bt.sh
dev
etc
fix_install.sh
home
install_panel.sh
lib
lib64
libiconv-1.14
libiconv-1.14.tar.gz
media
mnt
opt
patch
php.sh
proc
root
run
sbin
srv
sys
tmp
usr
var
www
/ >ls

anaconda-post.log
bin
bt.sh
dev
etc
fix_install.sh
home
install_panel.sh
lib
lib64
libiconv-1.14
libiconv-1.14.tar.gz
media
mnt
opt
patch
php.sh
proc
root
run
sbin
srv
sys
tmp
usr
var
www
/ >ls

anaconda-post.log
bin
bt.sh
dev
etc
fix_install.sh
home
install_panel.sh
lib
lib64
libiconv-1.14
libiconv-1.14.tar.gz
media
mnt
opt
patch
php.sh
proc
root
run
sbin
srv
sys
tmp
usr
var
www
