/ >ls
anaconda-post.log
bin
bt.sh
dev
etc
fix_install.sh
home
install_panel.sh
lib
lib64
libiconv-1.14
libiconv-1.14.tar.gz
media
mnt
opt
patch
php.sh
proc
root
run
sbin
srv
sys
tmp
usr
var
www
/ >

NULL
/ >
NULL
/ >

NULL
/ >ls
anaconda-post.log
bin
bt.sh
dev
etc
fix_install.sh
home
install_panel.sh
lib
lib64
libiconv-1.14
libiconv-1.14.tar.gz
media
mnt
opt
patch
php.sh
proc
root
run
sbin
srv
sys
tmp
usr
var
www
/ >

NULL
/ >

NULL
/ >ls
anaconda-post.log
bin
bt.sh
dev
etc
fix_install.sh
home
install_panel.sh
lib
lib64
libiconv-1.14
libiconv-1.14.tar.gz
media
mnt
opt
patch
php.sh
proc
root
run
sbin
srv
sys
tmp
usr
var
www
/ >

NULL
